[2025-02-26 22:49:13] Start:MetricHunterTask
MetricHunter 10.2.0 Java (Build:3aecf906c7) - (C) 2001-2022 FrontEndART Ltd.
Integrated 3rd party tool(s): SonarQube
Warning: Metric 'WarningBlocker' is not calculated for the 'Class' entities!
Warning: Rule for the following threshold configuration has not been built into the graph!
m_id: WarningBlocker Relation:gt Value:0 Entities: Class
Warning: Metric 'WarningBlocker' is not calculated for the 'Interface' entities!
Warning: Rule for the following threshold configuration has not been built into the graph!
m_id: WarningBlocker Relation:gt Value:0 Entities: Interface
Warning: Metric 'WarningBlocker' is not calculated for the 'Enum' entities!
Warning: Rule for the following threshold configuration has not been built into the graph!
m_id: WarningBlocker Relation:gt Value:0 Entities: Enum
Warning: Metric 'WarningBlocker' is not calculated for the 'Annotation' entities!
Warning: Rule for the following threshold configuration has not been built into the graph!
m_id: WarningBlocker Relation:gt Value:0 Entities: Annotation
Warning: Metric 'WarningCritical' is not calculated for the 'Class' entities!
Warning: Rule for the following threshold configuration has not been built into the graph!
m_id: WarningCritical Relation:gt Value:0 Entities: Class
Warning: Metric 'WarningCritical' is not calculated for the 'Interface' entities!
Warning: Rule for the following threshold configuration has not been built into the graph!
m_id: WarningCritical Relation:gt Value:0 Entities: Interface
Warning: Metric 'WarningCritical' is not calculated for the 'Enum' entities!
Warning: Rule for the following threshold configuration has not been built into the graph!
m_id: WarningCritical Relation:gt Value:0 Entities: Enum
Warning: Metric 'WarningCritical' is not calculated for the 'Annotation' entities!
Warning: Rule for the following threshold configuration has not been built into the graph!
m_id: WarningCritical Relation:gt Value:0 Entities: Annotation
Warning: Metric 'WarningMajor' is not calculated for the 'Class' entities!
Warning: Rule for the following threshold configuration has not been built into the graph!
m_id: WarningMajor Relation:gt Value:0 Entities: Class
Warning: Metric 'WarningMajor' is not calculated for the 'Interface' entities!
Warning: Rule for the following threshold configuration has not been built into the graph!
m_id: WarningMajor Relation:gt Value:0 Entities: Interface
Warning: Metric 'WarningMajor' is not calculated for the 'Enum' entities!
Warning: Rule for the following threshold configuration has not been built into the graph!
m_id: WarningMajor Relation:gt Value:0 Entities: Enum
Warning: Metric 'WarningMajor' is not calculated for the 'Annotation' entities!
Warning: Rule for the following threshold configuration has not been built into the graph!
m_id: WarningMajor Relation:gt Value:0 Entities: Annotation
Warning: Metric 'WarningMinor' is not calculated for the 'Class' entities!
Warning: Rule for the following threshold configuration has not been built into the graph!
m_id: WarningMinor Relation:gt Value:0 Entities: Class
Warning: Metric 'WarningMinor' is not calculated for the 'Interface' entities!
Warning: Rule for the following threshold configuration has not been built into the graph!
m_id: WarningMinor Relation:gt Value:0 Entities: Interface
Warning: Metric 'WarningMinor' is not calculated for the 'Enum' entities!
Warning: Rule for the following threshold configuration has not been built into the graph!
m_id: WarningMinor Relation:gt Value:0 Entities: Enum
Warning: Metric 'WarningMinor' is not calculated for the 'Annotation' entities!
Warning: Rule for the following threshold configuration has not been built into the graph!
m_id: WarningMinor Relation:gt Value:0 Entities: Annotation
Warning: Metric 'WarningBlocker' is not calculated for the 'Method' entities!
Warning: Rule for the following threshold configuration has not been built into the graph!
m_id: WarningBlocker Relation:gt Value:0 Entities: Method
Warning: Metric 'WarningCritical' is not calculated for the 'Method' entities!
Warning: Rule for the following threshold configuration has not been built into the graph!
m_id: WarningCritical Relation:gt Value:0 Entities: Method
Warning: Metric 'WarningMajor' is not calculated for the 'Method' entities!
Warning: Rule for the following threshold configuration has not been built into the graph!
m_id: WarningMajor Relation:gt Value:0 Entities: Method
Warning: Metric 'WarningMinor' is not calculated for the 'Method' entities!
Warning: Rule for the following threshold configuration has not been built into the graph!
m_id: WarningMinor Relation:gt Value:0 Entities: Method
Succesfully added 2923 warnings! 
Graph saved successfully to C:\Users\meet\Desktop\semProject\MyProject\java\2025-02-26-22-48-12\MyProject.graph! 
[2025-02-26 22:49:17] End:MetricHunterTask Result:OK
