[2025-02-26 22:49:01] Start:PMD2GraphTask
PMD2Graph 10.2.0 (Build:3aecf906c7) - (C) 2001-2022 FrontEndART Ltd.
Integrated 3rd party tool(s): SonarQube
Loading LIM ASG file "C:\Users\meet\Desktop\semProject\MyProject\java\2025-02-26-22-48-12\analyzer\asg\MyProject.lim"
Loading filter file "C:\Users\meet\Desktop\semProject\MyProject\java\2025-02-26-22-48-12\analyzer\asg\MyProject.flim"
Loading xml file "C:\Users\meet\Desktop\semProject\MyProject\java\2025-02-26-22-48-12\analyzer\temp\MyProject-PMD.xml"
Warning: Warning 'PMD_ARP' has already been added. (node:L4683 path:C:\Users\meet\Desktop\semProject\mangoSource\src\com\serotonin\mango\db\DerbyAccess.java line:205 col:38 endline:205 endcol:42 text:'Avoid reassigning parameters such as 'value'')
Warning: Warning 'PMD_ARP' has already been added. (node:L4683 path:C:\Users\meet\Desktop\semProject\mangoSource\src\com\serotonin\mango\db\DerbyAccess.java line:205 col:38 endline:205 endcol:42 text:'Avoid reassigning parameters such as 'value'')
Warning: Warning 'PMD_ARP' has already been added. (node:L4683 path:C:\Users\meet\Desktop\semProject\mangoSource\src\com\serotonin\mango\db\DerbyAccess.java line:205 col:38 endline:205 endcol:42 text:'Avoid reassigning parameters such as 'value'')
Warning: Warning 'PMD_ARP' has already been added. (node:L4683 path:C:\Users\meet\Desktop\semProject\mangoSource\src\com\serotonin\mango\db\DerbyAccess.java line:205 col:38 endline:205 endcol:42 text:'Avoid reassigning parameters such as 'value'')
Warning: Warning 'PMD_ARP' has already been added. (node:L3313 path:C:\Users\meet\Desktop\semProject\mangoSource\src\com\serotonin\mango\db\dao\PointValueDao.java line:577 col:52 endline:577 endcol:56 text:'Avoid reassigning parameters such as 'index'')
Warning: Warning 'PMD_ARP' has already been added. (node:L3313 path:C:\Users\meet\Desktop\semProject\mangoSource\src\com\serotonin\mango\db\dao\PointValueDao.java line:577 col:52 endline:577 endcol:56 text:'Avoid reassigning parameters such as 'index'')
Warning: Warning 'PMD_ARP' has already been added. (node:L3313 path:C:\Users\meet\Desktop\semProject\mangoSource\src\com\serotonin\mango\db\dao\PointValueDao.java line:577 col:52 endline:577 endcol:56 text:'Avoid reassigning parameters such as 'index'')
Warning: Warning 'PMD_ARP' has already been added. (node:L3313 path:C:\Users\meet\Desktop\semProject\mangoSource\src\com\serotonin\mango\db\dao\PointValueDao.java line:577 col:52 endline:577 endcol:56 text:'Avoid reassigning parameters such as 'index'')
Warning: Warning 'PMD_ARP' has already been added. (node:L6783 path:C:\Users\meet\Desktop\semProject\mangoSource\src\com\serotonin\mango\rt\dataImage\types\ImageValue.java line:77 col:51 endline:77 endcol:58 text:'Avoid reassigning parameters such as 'filename'')
Warning: Warning 'PMD_ARP' has already been added. (node:L12898 path:C:\Users\meet\Desktop\semProject\mangoSource\src\com\serotonin\mango\rt\event\handlers\SetPointHandlerRT.java line:148 col:55 endline:148 endcol:61 text:'Avoid reassigning parameters such as 'message'')
Warning: Warning 'PMD_EAFC' has already been added. (node:L10515 path:C:\Users\meet\Desktop\semProject\mangoSource\src\com\serotonin\mango\rt\publish\persistent\Packet.java line:130 col:16 endline:130 endcol:39 text:'Avoid using exceptions as flow control.')
Warning: Warning 'PMD_ARP' has already been added. (node:L13924 path:C:\Users\meet\Desktop\semProject\mangoSource\src\com\serotonin\mango\util\DateUtils.java line:43 col:54 endline:43 endcol:57 text:'Avoid reassigning parameters such as 'time'')
Warning: Warning 'PMD_ARP' has already been added. (node:L13924 path:C:\Users\meet\Desktop\semProject\mangoSource\src\com\serotonin\mango\util\DateUtils.java line:43 col:54 endline:43 endcol:57 text:'Avoid reassigning parameters such as 'time'')
Warning: Warning 'PMD_ARP' has already been added. (node:L13924 path:C:\Users\meet\Desktop\semProject\mangoSource\src\com\serotonin\mango\util\DateUtils.java line:43 col:54 endline:43 endcol:57 text:'Avoid reassigning parameters such as 'time'')
Warning: Warning 'PMD_ARP' has already been added. (node:L13924 path:C:\Users\meet\Desktop\semProject\mangoSource\src\com\serotonin\mango\util\DateUtils.java line:43 col:54 endline:43 endcol:57 text:'Avoid reassigning parameters such as 'time'')
Warning: Warning 'PMD_ARP' has already been added. (node:L13924 path:C:\Users\meet\Desktop\semProject\mangoSource\src\com\serotonin\mango\util\DateUtils.java line:43 col:54 endline:43 endcol:57 text:'Avoid reassigning parameters such as 'time'')
Warning: Warning 'PMD_ARP' has already been added. (node:L13924 path:C:\Users\meet\Desktop\semProject\mangoSource\src\com\serotonin\mango\util\DateUtils.java line:43 col:54 endline:43 endcol:57 text:'Avoid reassigning parameters such as 'time'')
Warning: Warning 'PMD_ARP' has already been added. (node:L13924 path:C:\Users\meet\Desktop\semProject\mangoSource\src\com\serotonin\mango\util\DateUtils.java line:43 col:54 endline:43 endcol:57 text:'Avoid reassigning parameters such as 'time'')
Warning: Warning 'PMD_ARP' has already been added. (node:L13924 path:C:\Users\meet\Desktop\semProject\mangoSource\src\com\serotonin\mango\util\DateUtils.java line:43 col:54 endline:43 endcol:57 text:'Avoid reassigning parameters such as 'time'')
Warning: Warning 'PMD_ARP' has already been added. (node:L13924 path:C:\Users\meet\Desktop\semProject\mangoSource\src\com\serotonin\mango\util\DateUtils.java line:43 col:54 endline:43 endcol:57 text:'Avoid reassigning parameters such as 'time'')
Warning: Warning 'PMD_ARP' has already been added. (node:L13924 path:C:\Users\meet\Desktop\semProject\mangoSource\src\com\serotonin\mango\util\DateUtils.java line:43 col:54 endline:43 endcol:57 text:'Avoid reassigning parameters such as 'time'')
Warning: Warning 'PMD_ARP' has already been added. (node:L13924 path:C:\Users\meet\Desktop\semProject\mangoSource\src\com\serotonin\mango\util\DateUtils.java line:43 col:54 endline:43 endcol:57 text:'Avoid reassigning parameters such as 'time'')
Warning: Warning 'PMD_ARP' has already been added. (node:L13924 path:C:\Users\meet\Desktop\semProject\mangoSource\src\com\serotonin\mango\util\DateUtils.java line:43 col:54 endline:43 endcol:57 text:'Avoid reassigning parameters such as 'time'')
Warning: Warning 'PMD_ARP' has already been added. (node:L14959 path:C:\Users\meet\Desktop\semProject\mangoSource\src\com\serotonin\mango\util\DateUtils.java line:77 col:55 endline:77 endcol:62 text:'Avoid reassigning parameters such as 'duration'')
Warning: Warning 'PMD_ARP' has already been added. (node:L14959 path:C:\Users\meet\Desktop\semProject\mangoSource\src\com\serotonin\mango\util\DateUtils.java line:77 col:55 endline:77 endcol:62 text:'Avoid reassigning parameters such as 'duration'')
Warning: Warning 'PMD_ARP' has already been added. (node:L15816 path:C:\Users\meet\Desktop\semProject\mangoSource\src\com\serotonin\mango\util\mindprod\StripEntities.java line:2014 col:52 endline:2014 endcol:52 text:'Avoid reassigning parameters such as 's'')
Warning: Warning 'PMD_ARP' has already been added. (node:L15818 path:C:\Users\meet\Desktop\semProject\mangoSource\src\com\serotonin\mango\util\mindprod\StripEntities.java line:2048 col:54 endline:2048 endcol:57 text:'Avoid reassigning parameters such as 'html'')
Warning: Warning 'PMD_ARP' has already been added. (node:L17380 path:C:\Users\meet\Desktop\semProject\mangoSource\src\com\serotonin\mango\view\export\CsvWriter.java line:48 col:38 endline:48 endcol:47 text:'Avoid reassigning parameters such as 'fieldValue'')
Warning: Warning 'PMD_CCOM' has already been added. (node:L17976 path:C:\Users\meet\Desktop\semProject\mangoSource\src\com\serotonin\mango\view\stats\StartsAndRuntimeList.java line:62 col:19 endline:62 endcol:33 text:'Overridable method 'get' called during object construction')
Warning: Warning 'PMD_ARP' has already been added. (node:L28084 path:C:\Users\meet\Desktop\semProject\mangoSource\src\com\serotonin\mango\web\dwr\DataSourceEditDwr.java line:438 col:100 endline:438 endcol:105 text:'Avoid reassigning parameters such as 'length'')
Warning: Warning 'PMD_ARP' has already been added. (node:L29323 path:C:\Users\meet\Desktop\semProject\mangoSource\src\com\serotonin\mango\web\dwr\EventsDwr.java line:51 col:17 endline:51 endcol:20 text:'Avoid reassigning parameters such as 'page'')
Warning: Warning 'PMD_ARP' has already been added. (node:L29656 path:C:\Users\meet\Desktop\semProject\mangoSource\src\com\serotonin\mango\web\dwr\MiscDwr.java line:238 col:35 endline:238 endcol:37 text:'Avoid reassigning parameters such as 'url'')
Warning: Warning 'PMD_ARP' has already been added. (node:L29656 path:C:\Users\meet\Desktop\semProject\mangoSource\src\com\serotonin\mango\web\dwr\MiscDwr.java line:238 col:35 endline:238 endcol:37 text:'Avoid reassigning parameters such as 'url'')
Warning: Warning 'PMD_ARP' has already been added. (node:L29656 path:C:\Users\meet\Desktop\semProject\mangoSource\src\com\serotonin\mango\web\dwr\MiscDwr.java line:238 col:35 endline:238 endcol:37 text:'Avoid reassigning parameters such as 'url'')
Warning: Warning 'PMD_ARP' has already been added. (node:L29656 path:C:\Users\meet\Desktop\semProject\mangoSource\src\com\serotonin\mango\web\dwr\MiscDwr.java line:238 col:35 endline:238 endcol:37 text:'Avoid reassigning parameters such as 'url'')
Warning: Warning 'PMD_ARP' has already been added. (node:L30566 path:C:\Users\meet\Desktop\semProject\mangoSource\src\com\serotonin\mango\web\email\MangoEmailContent.java line:48 col:41 endline:48 endcol:44 text:'Avoid reassigning parameters such as 'name'')
[2025-02-26 22:49:06] End:PMD2GraphTask Result:OK
