C:\Users\meet\Desktop\semProject\mangoSource\src\br\org\scadabr\rt\dataSource\dnp3\Dnp3DataSource.java
C:\Users\meet\Desktop\semProject\mangoSource\src\br\org\scadabr\rt\dataSource\dnp3\Dnp3IpDataSource.java
C:\Users\meet\Desktop\semProject\mangoSource\src\br\org\scadabr\rt\dataSource\dnp3\Dnp3PointLocatorRT.java
C:\Users\meet\Desktop\semProject\mangoSource\src\br\org\scadabr\rt\dataSource\dnp3\Dnp3SerialDataSource.java
C:\Users\meet\Desktop\semProject\mangoSource\src\br\org\scadabr\rt\dataSource\opc\OPCDataSourceRT.java
C:\Users\meet\Desktop\semProject\mangoSource\src\br\org\scadabr\rt\dataSource\opc\OPCPointLocatorRT.java
C:\Users\meet\Desktop\semProject\mangoSource\src\br\org\scadabr\vo\dataSource\dnp3\Dnp3DataSourceVO.java
C:\Users\meet\Desktop\semProject\mangoSource\src\br\org\scadabr\vo\dataSource\dnp3\Dnp3IpDataSourceVO.java
C:\Users\meet\Desktop\semProject\mangoSource\src\br\org\scadabr\vo\dataSource\dnp3\Dnp3PointLocatorVO.java
C:\Users\meet\Desktop\semProject\mangoSource\src\br\org\scadabr\vo\dataSource\dnp3\Dnp3SerialDataSourceVO.java
C:\Users\meet\Desktop\semProject\mangoSource\src\br\org\scadabr\vo\dataSource\opc\OPCDataSourceVO.java
C:\Users\meet\Desktop\semProject\mangoSource\src\br\org\scadabr\vo\dataSource\opc\OPCPointLocatorVO.java
C:\Users\meet\Desktop\semProject\mangoSource\src\com\serotonin\mango\Common.java
C:\Users\meet\Desktop\semProject\mangoSource\src\com\serotonin\mango\DataTypes.java
C:\Users\meet\Desktop\semProject\mangoSource\src\com\serotonin\mango\db\BasePooledAccess.java
C:\Users\meet\Desktop\semProject\mangoSource\src\com\serotonin\mango\db\dao\BaseDao.java
C:\Users\meet\Desktop\semProject\mangoSource\src\com\serotonin\mango\db\dao\CompoundEventDetectorDao.java
C:\Users\meet\Desktop\semProject\mangoSource\src\com\serotonin\mango\db\dao\DataPointDao.java
C:\Users\meet\Desktop\semProject\mangoSource\src\com\serotonin\mango\db\dao\DataSourceDao.java
C:\Users\meet\Desktop\semProject\mangoSource\src\com\serotonin\mango\db\dao\EventDao.java
C:\Users\meet\Desktop\semProject\mangoSource\src\com\serotonin\mango\db\dao\MailingListDao.java
C:\Users\meet\Desktop\semProject\mangoSource\src\com\serotonin\mango\db\dao\MaintenanceEventDao.java
C:\Users\meet\Desktop\semProject\mangoSource\src\com\serotonin\mango\db\dao\PointLinkDao.java
C:\Users\meet\Desktop\semProject\mangoSource\src\com\serotonin\mango\db\dao\PointValueDao.java
C:\Users\meet\Desktop\semProject\mangoSource\src\com\serotonin\mango\db\dao\PublisherDao.java
C:\Users\meet\Desktop\semProject\mangoSource\src\com\serotonin\mango\db\dao\ReportDao.java
C:\Users\meet\Desktop\semProject\mangoSource\src\com\serotonin\mango\db\dao\ScheduledEventDao.java
C:\Users\meet\Desktop\semProject\mangoSource\src\com\serotonin\mango\db\dao\SystemSettingsDao.java
C:\Users\meet\Desktop\semProject\mangoSource\src\com\serotonin\mango\db\dao\UserCommentRowMapper.java
C:\Users\meet\Desktop\semProject\mangoSource\src\com\serotonin\mango\db\dao\UserDao.java
C:\Users\meet\Desktop\semProject\mangoSource\src\com\serotonin\mango\db\dao\ViewDao.java
C:\Users\meet\Desktop\semProject\mangoSource\src\com\serotonin\mango\db\dao\WatchListDao.java
C:\Users\meet\Desktop\semProject\mangoSource\src\com\serotonin\mango\db\DatabaseAccess.java
C:\Users\meet\Desktop\semProject\mangoSource\src\com\serotonin\mango\db\DatabaseAccessUtils.java
C:\Users\meet\Desktop\semProject\mangoSource\src\com\serotonin\mango\db\DBConvert.java
C:\Users\meet\Desktop\semProject\mangoSource\src\com\serotonin\mango\db\DerbyAccess.java
C:\Users\meet\Desktop\semProject\mangoSource\src\com\serotonin\mango\db\MSSQLAccess.java
C:\Users\meet\Desktop\semProject\mangoSource\src\com\serotonin\mango\db\MySQLAccess.java
C:\Users\meet\Desktop\semProject\mangoSource\src\com\serotonin\mango\db\upgrade\DBUpgrade.java
C:\Users\meet\Desktop\semProject\mangoSource\src\com\serotonin\mango\db\upgrade\Upgrade0_10_0.java
C:\Users\meet\Desktop\semProject\mangoSource\src\com\serotonin\mango\db\upgrade\Upgrade0_7_0.java
C:\Users\meet\Desktop\semProject\mangoSource\src\com\serotonin\mango\db\upgrade\Upgrade0_8_0.java
C:\Users\meet\Desktop\semProject\mangoSource\src\com\serotonin\mango\db\upgrade\Upgrade0_8_1.java
C:\Users\meet\Desktop\semProject\mangoSource\src\com\serotonin\mango\db\upgrade\Upgrade0_9_0.java
C:\Users\meet\Desktop\semProject\mangoSource\src\com\serotonin\mango\db\upgrade\Upgrade0_9_1.java
C:\Users\meet\Desktop\semProject\mangoSource\src\com\serotonin\mango\db\upgrade\Upgrade0_9_2.java
C:\Users\meet\Desktop\semProject\mangoSource\src\com\serotonin\mango\db\upgrade\Upgrade1_0_0.java
C:\Users\meet\Desktop\semProject\mangoSource\src\com\serotonin\mango\db\upgrade\Upgrade1_0_1.java
C:\Users\meet\Desktop\semProject\mangoSource\src\com\serotonin\mango\db\upgrade\Upgrade1_10_0.java
C:\Users\meet\Desktop\semProject\mangoSource\src\com\serotonin\mango\db\upgrade\Upgrade1_11_0.java
C:\Users\meet\Desktop\semProject\mangoSource\src\com\serotonin\mango\db\upgrade\Upgrade1_11_1.java
C:\Users\meet\Desktop\semProject\mangoSource\src\com\serotonin\mango\db\upgrade\Upgrade1_11_2.java
C:\Users\meet\Desktop\semProject\mangoSource\src\com\serotonin\mango\db\upgrade\Upgrade1_12_0.java
C:\Users\meet\Desktop\semProject\mangoSource\src\com\serotonin\mango\db\upgrade\Upgrade1_12_1.java
C:\Users\meet\Desktop\semProject\mangoSource\src\com\serotonin\mango\db\upgrade\Upgrade1_12_2.java
C:\Users\meet\Desktop\semProject\mangoSource\src\com\serotonin\mango\db\upgrade\Upgrade1_1_0.java
C:\Users\meet\Desktop\semProject\mangoSource\src\com\serotonin\mango\db\upgrade\Upgrade1_1_1.java
C:\Users\meet\Desktop\semProject\mangoSource\src\com\serotonin\mango\db\upgrade\Upgrade1_2_0.java
C:\Users\meet\Desktop\semProject\mangoSource\src\com\serotonin\mango\db\upgrade\Upgrade1_2_1.java
C:\Users\meet\Desktop\semProject\mangoSource\src\com\serotonin\mango\db\upgrade\Upgrade1_2_2.java
C:\Users\meet\Desktop\semProject\mangoSource\src\com\serotonin\mango\db\upgrade\Upgrade1_2_3.java
C:\Users\meet\Desktop\semProject\mangoSource\src\com\serotonin\mango\db\upgrade\Upgrade1_3_0.java
C:\Users\meet\Desktop\semProject\mangoSource\src\com\serotonin\mango\db\upgrade\Upgrade1_4_0.java
C:\Users\meet\Desktop\semProject\mangoSource\src\com\serotonin\mango\db\upgrade\Upgrade1_4_1.java
C:\Users\meet\Desktop\semProject\mangoSource\src\com\serotonin\mango\db\upgrade\Upgrade1_4_2.java
C:\Users\meet\Desktop\semProject\mangoSource\src\com\serotonin\mango\db\upgrade\Upgrade1_5_0.java
C:\Users\meet\Desktop\semProject\mangoSource\src\com\serotonin\mango\db\upgrade\Upgrade1_6_0.java
C:\Users\meet\Desktop\semProject\mangoSource\src\com\serotonin\mango\db\upgrade\Upgrade1_6_1.java
C:\Users\meet\Desktop\semProject\mangoSource\src\com\serotonin\mango\db\upgrade\Upgrade1_6_2.java
C:\Users\meet\Desktop\semProject\mangoSource\src\com\serotonin\mango\db\upgrade\Upgrade1_6_3.java
C:\Users\meet\Desktop\semProject\mangoSource\src\com\serotonin\mango\db\upgrade\Upgrade1_6_4.java
C:\Users\meet\Desktop\semProject\mangoSource\src\com\serotonin\mango\db\upgrade\Upgrade1_7_0.java
C:\Users\meet\Desktop\semProject\mangoSource\src\com\serotonin\mango\db\upgrade\Upgrade1_8_0.java
C:\Users\meet\Desktop\semProject\mangoSource\src\com\serotonin\mango\db\upgrade\Upgrade1_8_1.java
C:\Users\meet\Desktop\semProject\mangoSource\src\com\serotonin\mango\db\upgrade\Upgrade1_8_2.java
C:\Users\meet\Desktop\semProject\mangoSource\src\com\serotonin\mango\db\upgrade\Upgrade1_8_3.java
C:\Users\meet\Desktop\semProject\mangoSource\src\com\serotonin\mango\db\upgrade\Upgrade1_9_0.java
C:\Users\meet\Desktop\semProject\mangoSource\src\com\serotonin\mango\ImageSaveException.java
C:\Users\meet\Desktop\semProject\mangoSource\src\com\serotonin\mango\MangoContextListener.java
C:\Users\meet\Desktop\semProject\mangoSource\src\com\serotonin\mango\rt\dataImage\AnnotatedPointValueTime.java
C:\Users\meet\Desktop\semProject\mangoSource\src\com\serotonin\mango\rt\dataImage\DataPointEventMulticaster.java
C:\Users\meet\Desktop\semProject\mangoSource\src\com\serotonin\mango\rt\dataImage\DataPointListener.java
C:\Users\meet\Desktop\semProject\mangoSource\src\com\serotonin\mango\rt\dataImage\DataPointRT.java
C:\Users\meet\Desktop\semProject\mangoSource\src\com\serotonin\mango\rt\dataImage\HistoricalDataPoint.java
C:\Users\meet\Desktop\semProject\mangoSource\src\com\serotonin\mango\rt\dataImage\IDataPoint.java
C:\Users\meet\Desktop\semProject\mangoSource\src\com\serotonin\mango\rt\dataImage\IdPointValueTime.java
C:\Users\meet\Desktop\semProject\mangoSource\src\com\serotonin\mango\rt\dataImage\PointValueCache.java
C:\Users\meet\Desktop\semProject\mangoSource\src\com\serotonin\mango\rt\dataImage\PointValueFacade.java
C:\Users\meet\Desktop\semProject\mangoSource\src\com\serotonin\mango\rt\dataImage\PointValueTime.java
C:\Users\meet\Desktop\semProject\mangoSource\src\com\serotonin\mango\rt\dataImage\PvtTimeComparator.java
C:\Users\meet\Desktop\semProject\mangoSource\src\com\serotonin\mango\rt\dataImage\SetPointSource.java
C:\Users\meet\Desktop\semProject\mangoSource\src\com\serotonin\mango\rt\dataImage\types\AlphanumericValue.java
C:\Users\meet\Desktop\semProject\mangoSource\src\com\serotonin\mango\rt\dataImage\types\BinaryValue.java
C:\Users\meet\Desktop\semProject\mangoSource\src\com\serotonin\mango\rt\dataImage\types\ImageValue.java
C:\Users\meet\Desktop\semProject\mangoSource\src\com\serotonin\mango\rt\dataImage\types\MangoValue.java
C:\Users\meet\Desktop\semProject\mangoSource\src\com\serotonin\mango\rt\dataImage\types\MultistateValue.java
C:\Users\meet\Desktop\semProject\mangoSource\src\com\serotonin\mango\rt\dataImage\types\NumericValue.java
C:\Users\meet\Desktop\semProject\mangoSource\src\com\serotonin\mango\rt\dataSource\bacnet\BACnetIPDataSourceRT.java
C:\Users\meet\Desktop\semProject\mangoSource\src\com\serotonin\mango\rt\dataSource\bacnet\BACnetIPPointLocatorRT.java
C:\Users\meet\Desktop\semProject\mangoSource\src\com\serotonin\mango\rt\dataSource\DataSourceRT.java
C:\Users\meet\Desktop\semProject\mangoSource\src\com\serotonin\mango\rt\dataSource\DataSourceUtils.java
C:\Users\meet\Desktop\semProject\mangoSource\src\com\serotonin\mango\rt\dataSource\ebro\EBI25Constants.java
C:\Users\meet\Desktop\semProject\mangoSource\src\com\serotonin\mango\rt\dataSource\ebro\EBI25DataSourceRT.java
C:\Users\meet\Desktop\semProject\mangoSource\src\com\serotonin\mango\rt\dataSource\ebro\EBI25PointLocatorRT.java
C:\Users\meet\Desktop\semProject\mangoSource\src\com\serotonin\mango\rt\dataSource\ebro\ExceptionResultException.java
C:\Users\meet\Desktop\semProject\mangoSource\src\com\serotonin\mango\rt\dataSource\EventDataSource.java
C:\Users\meet\Desktop\semProject\mangoSource\src\com\serotonin\mango\rt\dataSource\galil\CommandPointTypeRT.java
C:\Users\meet\Desktop\semProject\mangoSource\src\com\serotonin\mango\rt\dataSource\galil\GalilDataSourceRT.java
C:\Users\meet\Desktop\semProject\mangoSource\src\com\serotonin\mango\rt\dataSource\galil\GalilMessageParser.java
C:\Users\meet\Desktop\semProject\mangoSource\src\com\serotonin\mango\rt\dataSource\galil\GalilPointLocatorRT.java
C:\Users\meet\Desktop\semProject\mangoSource\src\com\serotonin\mango\rt\dataSource\galil\GalilRequest.java
C:\Users\meet\Desktop\semProject\mangoSource\src\com\serotonin\mango\rt\dataSource\galil\GalilResponse.java
C:\Users\meet\Desktop\semProject\mangoSource\src\com\serotonin\mango\rt\dataSource\galil\GalilWaitingRoomKeyFactory.java
C:\Users\meet\Desktop\semProject\mangoSource\src\com\serotonin\mango\rt\dataSource\galil\InputPointTypeRT.java
C:\Users\meet\Desktop\semProject\mangoSource\src\com\serotonin\mango\rt\dataSource\galil\OutputPointTypeRT.java
C:\Users\meet\Desktop\semProject\mangoSource\src\com\serotonin\mango\rt\dataSource\galil\PointTypeRT.java
C:\Users\meet\Desktop\semProject\mangoSource\src\com\serotonin\mango\rt\dataSource\galil\TellPositionPointTypeRT.java
C:\Users\meet\Desktop\semProject\mangoSource\src\com\serotonin\mango\rt\dataSource\galil\VariablePointTypeRT.java
C:\Users\meet\Desktop\semProject\mangoSource\src\com\serotonin\mango\rt\dataSource\http\HttpImageDataSourceRT.java
C:\Users\meet\Desktop\semProject\mangoSource\src\com\serotonin\mango\rt\dataSource\http\HttpImagePointLocatorRT.java
C:\Users\meet\Desktop\semProject\mangoSource\src\com\serotonin\mango\rt\dataSource\http\HttpMulticastListener.java
C:\Users\meet\Desktop\semProject\mangoSource\src\com\serotonin\mango\rt\dataSource\http\HttpReceiverData.java
C:\Users\meet\Desktop\semProject\mangoSource\src\com\serotonin\mango\rt\dataSource\http\HttpReceiverDataSourceRT.java
C:\Users\meet\Desktop\semProject\mangoSource\src\com\serotonin\mango\rt\dataSource\http\HttpReceiverMulticaster.java
C:\Users\meet\Desktop\semProject\mangoSource\src\com\serotonin\mango\rt\dataSource\http\HttpReceiverPointLocatorRT.java
C:\Users\meet\Desktop\semProject\mangoSource\src\com\serotonin\mango\rt\dataSource\http\HttpReceiverPointSample.java
C:\Users\meet\Desktop\semProject\mangoSource\src\com\serotonin\mango\rt\dataSource\http\HttpRetrieverDataSourceRT.java
C:\Users\meet\Desktop\semProject\mangoSource\src\com\serotonin\mango\rt\dataSource\http\HttpRetrieverPointLocatorRT.java
C:\Users\meet\Desktop\semProject\mangoSource\src\com\serotonin\mango\rt\dataSource\internal\InternalDataSourceRT.java
C:\Users\meet\Desktop\semProject\mangoSource\src\com\serotonin\mango\rt\dataSource\internal\InternalPointLocatorRT.java
C:\Users\meet\Desktop\semProject\mangoSource\src\com\serotonin\mango\rt\dataSource\jmx\JmxDataSourceRT.java
C:\Users\meet\Desktop\semProject\mangoSource\src\com\serotonin\mango\rt\dataSource\jmx\JmxPointLocatorRT.java
C:\Users\meet\Desktop\semProject\mangoSource\src\com\serotonin\mango\rt\dataSource\mbus\MBusConnectionType.java
C:\Users\meet\Desktop\semProject\mangoSource\src\com\serotonin\mango\rt\dataSource\mbus\MBusDataSourceRT.java
C:\Users\meet\Desktop\semProject\mangoSource\src\com\serotonin\mango\rt\dataSource\mbus\MBusPointLocatorRT.java
C:\Users\meet\Desktop\semProject\mangoSource\src\com\serotonin\mango\rt\dataSource\meta\AbstractPointWrapper.java
C:\Users\meet\Desktop\semProject\mangoSource\src\com\serotonin\mango\rt\dataSource\meta\AlphanumericPointWrapper.java
C:\Users\meet\Desktop\semProject\mangoSource\src\com\serotonin\mango\rt\dataSource\meta\BinaryPointWrapper.java
C:\Users\meet\Desktop\semProject\mangoSource\src\com\serotonin\mango\rt\dataSource\meta\DataPointStateException.java
C:\Users\meet\Desktop\semProject\mangoSource\src\com\serotonin\mango\rt\dataSource\meta\DistinctPointWrapper.java
C:\Users\meet\Desktop\semProject\mangoSource\src\com\serotonin\mango\rt\dataSource\meta\HistoricalMetaPointLocatorRT.java
C:\Users\meet\Desktop\semProject\mangoSource\src\com\serotonin\mango\rt\dataSource\meta\MetaDataSourceRT.java
C:\Users\meet\Desktop\semProject\mangoSource\src\com\serotonin\mango\rt\dataSource\meta\MetaPointExecutionException.java
C:\Users\meet\Desktop\semProject\mangoSource\src\com\serotonin\mango\rt\dataSource\meta\MetaPointLocatorRT.java
C:\Users\meet\Desktop\semProject\mangoSource\src\com\serotonin\mango\rt\dataSource\meta\MultistatePointWrapper.java
C:\Users\meet\Desktop\semProject\mangoSource\src\com\serotonin\mango\rt\dataSource\meta\NumericPointWrapper.java
C:\Users\meet\Desktop\semProject\mangoSource\src\com\serotonin\mango\rt\dataSource\meta\ResultTypeException.java
C:\Users\meet\Desktop\semProject\mangoSource\src\com\serotonin\mango\rt\dataSource\meta\ScriptExecutor.java
C:\Users\meet\Desktop\semProject\mangoSource\src\com\serotonin\mango\rt\dataSource\meta\WrapperContext.java
C:\Users\meet\Desktop\semProject\mangoSource\src\com\serotonin\mango\rt\dataSource\modbus\ModbusDataSource.java
C:\Users\meet\Desktop\semProject\mangoSource\src\com\serotonin\mango\rt\dataSource\modbus\ModbusIpDataSource.java
C:\Users\meet\Desktop\semProject\mangoSource\src\com\serotonin\mango\rt\dataSource\modbus\ModbusPointLocatorRT.java
C:\Users\meet\Desktop\semProject\mangoSource\src\com\serotonin\mango\rt\dataSource\modbus\ModbusSerialDataSource.java
C:\Users\meet\Desktop\semProject\mangoSource\src\com\serotonin\mango\rt\dataSource\nmea\NmeaDataSourceRT.java
C:\Users\meet\Desktop\semProject\mangoSource\src\com\serotonin\mango\rt\dataSource\nmea\NmeaMessage.java
C:\Users\meet\Desktop\semProject\mangoSource\src\com\serotonin\mango\rt\dataSource\nmea\NmeaMessageListener.java
C:\Users\meet\Desktop\semProject\mangoSource\src\com\serotonin\mango\rt\dataSource\nmea\NmeaPointLocatorRT.java
C:\Users\meet\Desktop\semProject\mangoSource\src\com\serotonin\mango\rt\dataSource\nmea\NmeaReceiver.java
C:\Users\meet\Desktop\semProject\mangoSource\src\com\serotonin\mango\rt\dataSource\NoMatchException.java
C:\Users\meet\Desktop\semProject\mangoSource\src\com\serotonin\mango\rt\dataSource\onewire\Network.java
C:\Users\meet\Desktop\semProject\mangoSource\src\com\serotonin\mango\rt\dataSource\onewire\NetworkPath.java
C:\Users\meet\Desktop\semProject\mangoSource\src\com\serotonin\mango\rt\dataSource\onewire\NetworkPathElement.java
C:\Users\meet\Desktop\semProject\mangoSource\src\com\serotonin\mango\rt\dataSource\onewire\OneWireContainerAttribute.java
C:\Users\meet\Desktop\semProject\mangoSource\src\com\serotonin\mango\rt\dataSource\onewire\OneWireContainerInfo.java
C:\Users\meet\Desktop\semProject\mangoSource\src\com\serotonin\mango\rt\dataSource\onewire\OneWireDataSourceRT.java
C:\Users\meet\Desktop\semProject\mangoSource\src\com\serotonin\mango\rt\dataSource\onewire\OneWirePointLocatorRT.java
C:\Users\meet\Desktop\semProject\mangoSource\src\com\serotonin\mango\rt\dataSource\openv4j\OpenV4JDataSourceRT.java
C:\Users\meet\Desktop\semProject\mangoSource\src\com\serotonin\mango\rt\dataSource\openv4j\OpenV4JPointLocatorRT.java
C:\Users\meet\Desktop\semProject\mangoSource\src\com\serotonin\mango\rt\dataSource\pachube\PachubeDataSourceRT.java
C:\Users\meet\Desktop\semProject\mangoSource\src\com\serotonin\mango\rt\dataSource\pachube\PachubePointLocatorRT.java
C:\Users\meet\Desktop\semProject\mangoSource\src\com\serotonin\mango\rt\dataSource\pachube\PachubeValue.java
C:\Users\meet\Desktop\semProject\mangoSource\src\com\serotonin\mango\rt\dataSource\persistent\DoAbortException.java
C:\Users\meet\Desktop\semProject\mangoSource\src\com\serotonin\mango\rt\dataSource\persistent\PersistentDataSourceRT.java
C:\Users\meet\Desktop\semProject\mangoSource\src\com\serotonin\mango\rt\dataSource\persistent\PersistentPointLocatorRT.java
C:\Users\meet\Desktop\semProject\mangoSource\src\com\serotonin\mango\rt\dataSource\PointLocatorRT.java
C:\Users\meet\Desktop\semProject\mangoSource\src\com\serotonin\mango\rt\dataSource\PollingDataSource.java
C:\Users\meet\Desktop\semProject\mangoSource\src\com\serotonin\mango\rt\dataSource\pop3\Pop3DataSourceRT.java
C:\Users\meet\Desktop\semProject\mangoSource\src\com\serotonin\mango\rt\dataSource\pop3\Pop3Email.java
C:\Users\meet\Desktop\semProject\mangoSource\src\com\serotonin\mango\rt\dataSource\pop3\Pop3PointLocatorRT.java
C:\Users\meet\Desktop\semProject\mangoSource\src\com\serotonin\mango\rt\dataSource\snmp\SnmpDataSourceRT.java
C:\Users\meet\Desktop\semProject\mangoSource\src\com\serotonin\mango\rt\dataSource\snmp\SnmpPointLocatorRT.java
C:\Users\meet\Desktop\semProject\mangoSource\src\com\serotonin\mango\rt\dataSource\snmp\SnmpTrapRouter.java
C:\Users\meet\Desktop\semProject\mangoSource\src\com\serotonin\mango\rt\dataSource\snmp\SnmpUtils.java
C:\Users\meet\Desktop\semProject\mangoSource\src\com\serotonin\mango\rt\dataSource\snmp\Version.java
C:\Users\meet\Desktop\semProject\mangoSource\src\com\serotonin\mango\rt\dataSource\snmp\Version1.java
C:\Users\meet\Desktop\semProject\mangoSource\src\com\serotonin\mango\rt\dataSource\snmp\Version2c.java
C:\Users\meet\Desktop\semProject\mangoSource\src\com\serotonin\mango\rt\dataSource\snmp\Version3.java
C:\Users\meet\Desktop\semProject\mangoSource\src\com\serotonin\mango\rt\dataSource\spinwave\SpinwaveDataSourceRT.java
C:\Users\meet\Desktop\semProject\mangoSource\src\com\serotonin\mango\rt\dataSource\spinwave\SpinwavePointLocatorRT.java
C:\Users\meet\Desktop\semProject\mangoSource\src\com\serotonin\mango\rt\dataSource\sql\SqlDataSourceRT.java
C:\Users\meet\Desktop\semProject\mangoSource\src\com\serotonin\mango\rt\dataSource\sql\SqlPointLocatorRT.java
C:\Users\meet\Desktop\semProject\mangoSource\src\com\serotonin\mango\rt\dataSource\viconics\ViconicsDataSourceRT.java
C:\Users\meet\Desktop\semProject\mangoSource\src\com\serotonin\mango\rt\dataSource\viconics\ViconicsPointLocatorRT.java
C:\Users\meet\Desktop\semProject\mangoSource\src\com\serotonin\mango\rt\dataSource\virtual\AlternateBooleanChangeRT.java
C:\Users\meet\Desktop\semProject\mangoSource\src\com\serotonin\mango\rt\dataSource\virtual\AnalogAttractorChangeRT.java
C:\Users\meet\Desktop\semProject\mangoSource\src\com\serotonin\mango\rt\dataSource\virtual\BrownianChangeRT.java
C:\Users\meet\Desktop\semProject\mangoSource\src\com\serotonin\mango\rt\dataSource\virtual\ChangeTypeRT.java
C:\Users\meet\Desktop\semProject\mangoSource\src\com\serotonin\mango\rt\dataSource\virtual\IncrementAnalogChangeRT.java
C:\Users\meet\Desktop\semProject\mangoSource\src\com\serotonin\mango\rt\dataSource\virtual\IncrementMultistateChangeRT.java
C:\Users\meet\Desktop\semProject\mangoSource\src\com\serotonin\mango\rt\dataSource\virtual\NoChangeRT.java
C:\Users\meet\Desktop\semProject\mangoSource\src\com\serotonin\mango\rt\dataSource\virtual\RandomAnalogChangeRT.java
C:\Users\meet\Desktop\semProject\mangoSource\src\com\serotonin\mango\rt\dataSource\virtual\RandomBooleanChangeRT.java
C:\Users\meet\Desktop\semProject\mangoSource\src\com\serotonin\mango\rt\dataSource\virtual\RandomMultistateChangeRT.java
C:\Users\meet\Desktop\semProject\mangoSource\src\com\serotonin\mango\rt\dataSource\virtual\VirtualDataSourceRT.java
C:\Users\meet\Desktop\semProject\mangoSource\src\com\serotonin\mango\rt\dataSource\virtual\VirtualPointLocatorRT.java
C:\Users\meet\Desktop\semProject\mangoSource\src\com\serotonin\mango\rt\dataSource\vmstat\VMStatDataSourceRT.java
C:\Users\meet\Desktop\semProject\mangoSource\src\com\serotonin\mango\rt\dataSource\vmstat\VMStatPointLocatorRT.java
C:\Users\meet\Desktop\semProject\mangoSource\src\com\serotonin\mango\rt\event\AlarmLevels.java
C:\Users\meet\Desktop\semProject\mangoSource\src\com\serotonin\mango\rt\event\compound\AndOperator.java
C:\Users\meet\Desktop\semProject\mangoSource\src\com\serotonin\mango\rt\event\compound\BinaryOperator.java
C:\Users\meet\Desktop\semProject\mangoSource\src\com\serotonin\mango\rt\event\compound\CompoundEventDetectorRT.java
C:\Users\meet\Desktop\semProject\mangoSource\src\com\serotonin\mango\rt\event\compound\ConditionParseException.java
C:\Users\meet\Desktop\semProject\mangoSource\src\com\serotonin\mango\rt\event\compound\EventDetectorWrapper.java
C:\Users\meet\Desktop\semProject\mangoSource\src\com\serotonin\mango\rt\event\compound\LogicalOperator.java
C:\Users\meet\Desktop\semProject\mangoSource\src\com\serotonin\mango\rt\event\compound\NotOperator.java
C:\Users\meet\Desktop\semProject\mangoSource\src\com\serotonin\mango\rt\event\compound\OrOperator.java
C:\Users\meet\Desktop\semProject\mangoSource\src\com\serotonin\mango\rt\event\compound\Parenthesis.java
C:\Users\meet\Desktop\semProject\mangoSource\src\com\serotonin\mango\rt\event\detectors\AlphanumericStateDetectorRT.java
C:\Users\meet\Desktop\semProject\mangoSource\src\com\serotonin\mango\rt\event\detectors\AnalogHighLimitDetectorRT.java
C:\Users\meet\Desktop\semProject\mangoSource\src\com\serotonin\mango\rt\event\detectors\AnalogLowLimitDetectorRT.java
C:\Users\meet\Desktop\semProject\mangoSource\src\com\serotonin\mango\rt\event\detectors\BinaryStateDetectorRT.java
C:\Users\meet\Desktop\semProject\mangoSource\src\com\serotonin\mango\rt\event\detectors\DifferenceDetectorRT.java
C:\Users\meet\Desktop\semProject\mangoSource\src\com\serotonin\mango\rt\event\detectors\MultistateStateDetectorRT.java
C:\Users\meet\Desktop\semProject\mangoSource\src\com\serotonin\mango\rt\event\detectors\NegativeCusumDetectorRT.java
C:\Users\meet\Desktop\semProject\mangoSource\src\com\serotonin\mango\rt\event\detectors\NoChangeDetectorRT.java
C:\Users\meet\Desktop\semProject\mangoSource\src\com\serotonin\mango\rt\event\detectors\NoUpdateDetectorRT.java
C:\Users\meet\Desktop\semProject\mangoSource\src\com\serotonin\mango\rt\event\detectors\PointChangeDetectorRT.java
C:\Users\meet\Desktop\semProject\mangoSource\src\com\serotonin\mango\rt\event\detectors\PointEventDetectorRT.java
C:\Users\meet\Desktop\semProject\mangoSource\src\com\serotonin\mango\rt\event\detectors\PositiveCusumDetectorRT.java
C:\Users\meet\Desktop\semProject\mangoSource\src\com\serotonin\mango\rt\event\detectors\StateChangeCountDetectorRT.java
C:\Users\meet\Desktop\semProject\mangoSource\src\com\serotonin\mango\rt\event\detectors\StateDetectorRT.java
C:\Users\meet\Desktop\semProject\mangoSource\src\com\serotonin\mango\rt\event\detectors\TimeDelayedEventDetectorRT.java
C:\Users\meet\Desktop\semProject\mangoSource\src\com\serotonin\mango\rt\event\detectors\TimeoutDetectorRT.java
C:\Users\meet\Desktop\semProject\mangoSource\src\com\serotonin\mango\rt\event\EventDetector.java
C:\Users\meet\Desktop\semProject\mangoSource\src\com\serotonin\mango\rt\event\EventDetectorListener.java
C:\Users\meet\Desktop\semProject\mangoSource\src\com\serotonin\mango\rt\event\EventInstance.java
C:\Users\meet\Desktop\semProject\mangoSource\src\com\serotonin\mango\rt\event\handlers\EmailHandlerRT.java
C:\Users\meet\Desktop\semProject\mangoSource\src\com\serotonin\mango\rt\event\handlers\EventHandlerRT.java
C:\Users\meet\Desktop\semProject\mangoSource\src\com\serotonin\mango\rt\event\handlers\ProcessHandlerRT.java
C:\Users\meet\Desktop\semProject\mangoSource\src\com\serotonin\mango\rt\event\handlers\SetPointHandlerRT.java
C:\Users\meet\Desktop\semProject\mangoSource\src\com\serotonin\mango\rt\event\maintenance\MaintenanceEventRT.java
C:\Users\meet\Desktop\semProject\mangoSource\src\com\serotonin\mango\rt\event\schedule\ScheduledEventRT.java
C:\Users\meet\Desktop\semProject\mangoSource\src\com\serotonin\mango\rt\event\SimpleEventDetector.java
C:\Users\meet\Desktop\semProject\mangoSource\src\com\serotonin\mango\rt\event\type\AuditEventType.java
C:\Users\meet\Desktop\semProject\mangoSource\src\com\serotonin\mango\rt\event\type\CompoundDetectorEventType.java
C:\Users\meet\Desktop\semProject\mangoSource\src\com\serotonin\mango\rt\event\type\DataPointEventType.java
C:\Users\meet\Desktop\semProject\mangoSource\src\com\serotonin\mango\rt\event\type\DataSourceEventType.java
C:\Users\meet\Desktop\semProject\mangoSource\src\com\serotonin\mango\rt\event\type\EventType.java
C:\Users\meet\Desktop\semProject\mangoSource\src\com\serotonin\mango\rt\event\type\EventTypeFactory.java
C:\Users\meet\Desktop\semProject\mangoSource\src\com\serotonin\mango\rt\event\type\MaintenanceEventType.java
C:\Users\meet\Desktop\semProject\mangoSource\src\com\serotonin\mango\rt\event\type\PublisherEventType.java
C:\Users\meet\Desktop\semProject\mangoSource\src\com\serotonin\mango\rt\event\type\ScheduledEventType.java
C:\Users\meet\Desktop\semProject\mangoSource\src\com\serotonin\mango\rt\event\type\SystemEventType.java
C:\Users\meet\Desktop\semProject\mangoSource\src\com\serotonin\mango\rt\EventManager.java
C:\Users\meet\Desktop\semProject\mangoSource\src\com\serotonin\mango\rt\link\PointLinkRT.java
C:\Users\meet\Desktop\semProject\mangoSource\src\com\serotonin\mango\rt\maint\BackgroundProcessing.java
C:\Users\meet\Desktop\semProject\mangoSource\src\com\serotonin\mango\rt\maint\DataPurge.java
C:\Users\meet\Desktop\semProject\mangoSource\src\com\serotonin\mango\rt\maint\MemoryCheck.java
C:\Users\meet\Desktop\semProject\mangoSource\src\com\serotonin\mango\rt\maint\VersionCheck.java
C:\Users\meet\Desktop\semProject\mangoSource\src\com\serotonin\mango\rt\maint\work\EmailWorkItem.java
C:\Users\meet\Desktop\semProject\mangoSource\src\com\serotonin\mango\rt\maint\work\ProcessWorkItem.java
C:\Users\meet\Desktop\semProject\mangoSource\src\com\serotonin\mango\rt\maint\work\ReportWorkItem.java
C:\Users\meet\Desktop\semProject\mangoSource\src\com\serotonin\mango\rt\maint\work\SetPointWorkItem.java
C:\Users\meet\Desktop\semProject\mangoSource\src\com\serotonin\mango\rt\maint\work\WorkItem.java
C:\Users\meet\Desktop\semProject\mangoSource\src\com\serotonin\mango\rt\maint\WorkItemMonitor.java
C:\Users\meet\Desktop\semProject\mangoSource\src\com\serotonin\mango\rt\publish\httpSender\HttpSenderRT.java
C:\Users\meet\Desktop\semProject\mangoSource\src\com\serotonin\mango\rt\publish\pachube\PachubePublishQueue.java
C:\Users\meet\Desktop\semProject\mangoSource\src\com\serotonin\mango\rt\publish\pachube\PachubeSenderRT.java
C:\Users\meet\Desktop\semProject\mangoSource\src\com\serotonin\mango\rt\publish\persistent\Packet.java
C:\Users\meet\Desktop\semProject\mangoSource\src\com\serotonin\mango\rt\publish\persistent\PacketType.java
C:\Users\meet\Desktop\semProject\mangoSource\src\com\serotonin\mango\rt\publish\persistent\PayloadReadTimeoutException.java
C:\Users\meet\Desktop\semProject\mangoSource\src\com\serotonin\mango\rt\publish\persistent\PersistentAbortException.java
C:\Users\meet\Desktop\semProject\mangoSource\src\com\serotonin\mango\rt\publish\persistent\PersistentProtocolException.java
C:\Users\meet\Desktop\semProject\mangoSource\src\com\serotonin\mango\rt\publish\persistent\PersistentSenderRT.java
C:\Users\meet\Desktop\semProject\mangoSource\src\com\serotonin\mango\rt\publish\PublishedPointRT.java
C:\Users\meet\Desktop\semProject\mangoSource\src\com\serotonin\mango\rt\publish\PublisherRT.java
C:\Users\meet\Desktop\semProject\mangoSource\src\com\serotonin\mango\rt\publish\PublishQueue.java
C:\Users\meet\Desktop\semProject\mangoSource\src\com\serotonin\mango\rt\publish\PublishQueueEntry.java
C:\Users\meet\Desktop\semProject\mangoSource\src\com\serotonin\mango\rt\publish\SendThread.java
C:\Users\meet\Desktop\semProject\mangoSource\src\com\serotonin\mango\rt\RTException.java
C:\Users\meet\Desktop\semProject\mangoSource\src\com\serotonin\mango\rt\RuntimeManager.java
C:\Users\meet\Desktop\semProject\mangoSource\src\com\serotonin\mango\util\BackgroundContext.java
C:\Users\meet\Desktop\semProject\mangoSource\src\com\serotonin\mango\util\ChangeComparable.java
C:\Users\meet\Desktop\semProject\mangoSource\src\com\serotonin\mango\util\ChangeComparableObject.java
C:\Users\meet\Desktop\semProject\mangoSource\src\com\serotonin\mango\util\CommPortConfigException.java
C:\Users\meet\Desktop\semProject\mangoSource\src\com\serotonin\mango\util\DateUtils.java
C:\Users\meet\Desktop\semProject\mangoSource\src\com\serotonin\mango\util\DocumentationItem.java
C:\Users\meet\Desktop\semProject\mangoSource\src\com\serotonin\mango\util\DocumentationManifest.java
C:\Users\meet\Desktop\semProject\mangoSource\src\com\serotonin\mango\util\ExportCodes.java
C:\Users\meet\Desktop\semProject\mangoSource\src\com\serotonin\mango\util\IntMessagePair.java
C:\Users\meet\Desktop\semProject\mangoSource\src\com\serotonin\mango\util\LocalizableJsonException.java
C:\Users\meet\Desktop\semProject\mangoSource\src\com\serotonin\mango\util\MangoGroveLogAppender.java
C:\Users\meet\Desktop\semProject\mangoSource\src\com\serotonin\mango\util\mindprod\StripEntities.java
C:\Users\meet\Desktop\semProject\mangoSource\src\com\serotonin\mango\util\test\DummyServletContext.java
C:\Users\meet\Desktop\semProject\mangoSource\src\com\serotonin\mango\util\timeout\ModelTimeoutClient.java
C:\Users\meet\Desktop\semProject\mangoSource\src\com\serotonin\mango\util\timeout\ModelTimeoutTask.java
C:\Users\meet\Desktop\semProject\mangoSource\src\com\serotonin\mango\util\timeout\TimeoutClient.java
C:\Users\meet\Desktop\semProject\mangoSource\src\com\serotonin\mango\util\timeout\TimeoutTask.java
C:\Users\meet\Desktop\semProject\mangoSource\src\com\serotonin\mango\view\chart\BaseChartRenderer.java
C:\Users\meet\Desktop\semProject\mangoSource\src\com\serotonin\mango\view\chart\ChartRenderer.java
C:\Users\meet\Desktop\semProject\mangoSource\src\com\serotonin\mango\view\chart\ImageChartRenderer.java
C:\Users\meet\Desktop\semProject\mangoSource\src\com\serotonin\mango\view\chart\ImageFlipbookRenderer.java
C:\Users\meet\Desktop\semProject\mangoSource\src\com\serotonin\mango\view\chart\StatisticsChartRenderer.java
C:\Users\meet\Desktop\semProject\mangoSource\src\com\serotonin\mango\view\chart\TableChartRenderer.java
C:\Users\meet\Desktop\semProject\mangoSource\src\com\serotonin\mango\view\chart\TimePeriodChartRenderer.java
C:\Users\meet\Desktop\semProject\mangoSource\src\com\serotonin\mango\view\component\AnalogGraphicComponent.java
C:\Users\meet\Desktop\semProject\mangoSource\src\com\serotonin\mango\view\component\BinaryGraphicComponent.java
C:\Users\meet\Desktop\semProject\mangoSource\src\com\serotonin\mango\view\component\CompoundChild.java
C:\Users\meet\Desktop\semProject\mangoSource\src\com\serotonin\mango\view\component\CompoundComponent.java
C:\Users\meet\Desktop\semProject\mangoSource\src\com\serotonin\mango\view\component\DynamicGraphicComponent.java
C:\Users\meet\Desktop\semProject\mangoSource\src\com\serotonin\mango\view\component\HtmlComponent.java
C:\Users\meet\Desktop\semProject\mangoSource\src\com\serotonin\mango\view\component\ImageChartComponent.java
C:\Users\meet\Desktop\semProject\mangoSource\src\com\serotonin\mango\view\component\ImageSetComponent.java
C:\Users\meet\Desktop\semProject\mangoSource\src\com\serotonin\mango\view\component\MultistateGraphicComponent.java
C:\Users\meet\Desktop\semProject\mangoSource\src\com\serotonin\mango\view\component\PointComponent.java
C:\Users\meet\Desktop\semProject\mangoSource\src\com\serotonin\mango\view\component\ScriptComponent.java
C:\Users\meet\Desktop\semProject\mangoSource\src\com\serotonin\mango\view\component\SimpleCompoundComponent.java
C:\Users\meet\Desktop\semProject\mangoSource\src\com\serotonin\mango\view\component\SimpleImageComponent.java
C:\Users\meet\Desktop\semProject\mangoSource\src\com\serotonin\mango\view\component\SimplePointComponent.java
C:\Users\meet\Desktop\semProject\mangoSource\src\com\serotonin\mango\view\component\ThumbnailComponent.java
C:\Users\meet\Desktop\semProject\mangoSource\src\com\serotonin\mango\view\component\ViewComponent.java
C:\Users\meet\Desktop\semProject\mangoSource\src\com\serotonin\mango\view\component\WirelessTempHumSensor.java
C:\Users\meet\Desktop\semProject\mangoSource\src\com\serotonin\mango\view\conversion\Conversion.java
C:\Users\meet\Desktop\semProject\mangoSource\src\com\serotonin\mango\view\conversion\Conversions.java
C:\Users\meet\Desktop\semProject\mangoSource\src\com\serotonin\mango\view\conversion\LinearConversion.java
C:\Users\meet\Desktop\semProject\mangoSource\src\com\serotonin\mango\view\custom\CustomView.java
C:\Users\meet\Desktop\semProject\mangoSource\src\com\serotonin\mango\view\custom\CustomViewChart.java
C:\Users\meet\Desktop\semProject\mangoSource\src\com\serotonin\mango\view\custom\CustomViewChartPoint.java
C:\Users\meet\Desktop\semProject\mangoSource\src\com\serotonin\mango\view\custom\CustomViewComponent.java
C:\Users\meet\Desktop\semProject\mangoSource\src\com\serotonin\mango\view\custom\CustomViewPoint.java
C:\Users\meet\Desktop\semProject\mangoSource\src\com\serotonin\mango\view\DynamicImage.java
C:\Users\meet\Desktop\semProject\mangoSource\src\com\serotonin\mango\view\export\CsvWriter.java
C:\Users\meet\Desktop\semProject\mangoSource\src\com\serotonin\mango\view\graphic\AnalogImageSetRenderer.java
C:\Users\meet\Desktop\semProject\mangoSource\src\com\serotonin\mango\view\graphic\BaseGraphicRenderer.java
C:\Users\meet\Desktop\semProject\mangoSource\src\com\serotonin\mango\view\graphic\BasicImageRenderer.java
C:\Users\meet\Desktop\semProject\mangoSource\src\com\serotonin\mango\view\graphic\BasicRenderer.java
C:\Users\meet\Desktop\semProject\mangoSource\src\com\serotonin\mango\view\graphic\BinaryImageSetRenderer.java
C:\Users\meet\Desktop\semProject\mangoSource\src\com\serotonin\mango\view\graphic\DynamicImageRenderer.java
C:\Users\meet\Desktop\semProject\mangoSource\src\com\serotonin\mango\view\graphic\GraphicRenderer.java
C:\Users\meet\Desktop\semProject\mangoSource\src\com\serotonin\mango\view\graphic\ImageSetRenderer.java
C:\Users\meet\Desktop\semProject\mangoSource\src\com\serotonin\mango\view\graphic\MultistateImageSetRenderer.java
C:\Users\meet\Desktop\semProject\mangoSource\src\com\serotonin\mango\view\graphic\ScriptRenderer.java
C:\Users\meet\Desktop\semProject\mangoSource\src\com\serotonin\mango\view\graphic\ThumbnailRenderer.java
C:\Users\meet\Desktop\semProject\mangoSource\src\com\serotonin\mango\view\ImageSet.java
C:\Users\meet\Desktop\semProject\mangoSource\src\com\serotonin\mango\view\ImplDefinition.java
C:\Users\meet\Desktop\semProject\mangoSource\src\com\serotonin\mango\view\PointView.java
C:\Users\meet\Desktop\semProject\mangoSource\src\com\serotonin\mango\view\ShareUser.java
C:\Users\meet\Desktop\semProject\mangoSource\src\com\serotonin\mango\view\stats\AbstractDataQuantizer.java
C:\Users\meet\Desktop\semProject\mangoSource\src\com\serotonin\mango\view\stats\AnalogStatistics.java
C:\Users\meet\Desktop\semProject\mangoSource\src\com\serotonin\mango\view\stats\BinaryDataQuantizer.java
C:\Users\meet\Desktop\semProject\mangoSource\src\com\serotonin\mango\view\stats\DataQuantizerCallback.java
C:\Users\meet\Desktop\semProject\mangoSource\src\com\serotonin\mango\view\stats\IValueTime.java
C:\Users\meet\Desktop\semProject\mangoSource\src\com\serotonin\mango\view\stats\MultistateDataQuantizer.java
C:\Users\meet\Desktop\semProject\mangoSource\src\com\serotonin\mango\view\stats\NumericDataQuantizer.java
C:\Users\meet\Desktop\semProject\mangoSource\src\com\serotonin\mango\view\stats\StartsAndRuntime.java
C:\Users\meet\Desktop\semProject\mangoSource\src\com\serotonin\mango\view\stats\StartsAndRuntimeList.java
C:\Users\meet\Desktop\semProject\mangoSource\src\com\serotonin\mango\view\stats\StatisticsGenerator.java
C:\Users\meet\Desktop\semProject\mangoSource\src\com\serotonin\mango\view\stats\ValueChangeCounter.java
C:\Users\meet\Desktop\semProject\mangoSource\src\com\serotonin\mango\view\text\AnalogRenderer.java
C:\Users\meet\Desktop\semProject\mangoSource\src\com\serotonin\mango\view\text\BaseTextRenderer.java
C:\Users\meet\Desktop\semProject\mangoSource\src\com\serotonin\mango\view\text\BinaryTextRenderer.java
C:\Users\meet\Desktop\semProject\mangoSource\src\com\serotonin\mango\view\text\MultistateRenderer.java
C:\Users\meet\Desktop\semProject\mangoSource\src\com\serotonin\mango\view\text\MultistateValue.java
C:\Users\meet\Desktop\semProject\mangoSource\src\com\serotonin\mango\view\text\NoneRenderer.java
C:\Users\meet\Desktop\semProject\mangoSource\src\com\serotonin\mango\view\text\PlainRenderer.java
C:\Users\meet\Desktop\semProject\mangoSource\src\com\serotonin\mango\view\text\RangeRenderer.java
C:\Users\meet\Desktop\semProject\mangoSource\src\com\serotonin\mango\view\text\RangeValue.java
C:\Users\meet\Desktop\semProject\mangoSource\src\com\serotonin\mango\view\text\TextRenderer.java
C:\Users\meet\Desktop\semProject\mangoSource\src\com\serotonin\mango\view\text\TimeRenderer.java
C:\Users\meet\Desktop\semProject\mangoSource\src\com\serotonin\mango\view\View.java
C:\Users\meet\Desktop\semProject\mangoSource\src\com\serotonin\mango\view\ViewGraphic.java
C:\Users\meet\Desktop\semProject\mangoSource\src\com\serotonin\mango\view\ViewGraphicLoader.java
C:\Users\meet\Desktop\semProject\mangoSource\src\com\serotonin\mango\vo\AnonymousUser.java
C:\Users\meet\Desktop\semProject\mangoSource\src\com\serotonin\mango\vo\bean\ImageValueBean.java
C:\Users\meet\Desktop\semProject\mangoSource\src\com\serotonin\mango\vo\bean\LongPair.java
C:\Users\meet\Desktop\semProject\mangoSource\src\com\serotonin\mango\vo\bean\PointHistoryCount.java
C:\Users\meet\Desktop\semProject\mangoSource\src\com\serotonin\mango\vo\CommPortProxy.java
C:\Users\meet\Desktop\semProject\mangoSource\src\com\serotonin\mango\vo\DataPointExtendedNameComparator.java
C:\Users\meet\Desktop\semProject\mangoSource\src\com\serotonin\mango\vo\DataPointNameComparator.java
C:\Users\meet\Desktop\semProject\mangoSource\src\com\serotonin\mango\vo\DataPointVO.java
C:\Users\meet\Desktop\semProject\mangoSource\src\com\serotonin\mango\vo\dataSource\AbstractPointLocatorVO.java
C:\Users\meet\Desktop\semProject\mangoSource\src\com\serotonin\mango\vo\dataSource\bacnet\BACnetIPDataSourceVO.java
C:\Users\meet\Desktop\semProject\mangoSource\src\com\serotonin\mango\vo\dataSource\bacnet\BACnetIPPointLocatorVO.java
C:\Users\meet\Desktop\semProject\mangoSource\src\com\serotonin\mango\vo\dataSource\DataPointSaveHandler.java
C:\Users\meet\Desktop\semProject\mangoSource\src\com\serotonin\mango\vo\dataSource\DataSourceVO.java
C:\Users\meet\Desktop\semProject\mangoSource\src\com\serotonin\mango\vo\dataSource\ebro\EBI25DataSourceVO.java
C:\Users\meet\Desktop\semProject\mangoSource\src\com\serotonin\mango\vo\dataSource\ebro\EBI25PointLocatorVO.java
C:\Users\meet\Desktop\semProject\mangoSource\src\com\serotonin\mango\vo\dataSource\ebro\EBI25PointSaveHandler.java
C:\Users\meet\Desktop\semProject\mangoSource\src\com\serotonin\mango\vo\dataSource\galil\CommandPointTypeVO.java
C:\Users\meet\Desktop\semProject\mangoSource\src\com\serotonin\mango\vo\dataSource\galil\GalilDataSourceVO.java
C:\Users\meet\Desktop\semProject\mangoSource\src\com\serotonin\mango\vo\dataSource\galil\GalilPointLocatorVO.java
C:\Users\meet\Desktop\semProject\mangoSource\src\com\serotonin\mango\vo\dataSource\galil\InputPointTypeVO.java
C:\Users\meet\Desktop\semProject\mangoSource\src\com\serotonin\mango\vo\dataSource\galil\OutputPointTypeVO.java
C:\Users\meet\Desktop\semProject\mangoSource\src\com\serotonin\mango\vo\dataSource\galil\PointTypeVO.java
C:\Users\meet\Desktop\semProject\mangoSource\src\com\serotonin\mango\vo\dataSource\galil\TellPositionPointTypeVO.java
C:\Users\meet\Desktop\semProject\mangoSource\src\com\serotonin\mango\vo\dataSource\galil\VariablePointTypeVO.java
C:\Users\meet\Desktop\semProject\mangoSource\src\com\serotonin\mango\vo\dataSource\http\HttpImageDataSourceVO.java
C:\Users\meet\Desktop\semProject\mangoSource\src\com\serotonin\mango\vo\dataSource\http\HttpImagePointLocatorVO.java
C:\Users\meet\Desktop\semProject\mangoSource\src\com\serotonin\mango\vo\dataSource\http\HttpReceiverDataSourceVO.java
C:\Users\meet\Desktop\semProject\mangoSource\src\com\serotonin\mango\vo\dataSource\http\HttpReceiverPointLocatorVO.java
C:\Users\meet\Desktop\semProject\mangoSource\src\com\serotonin\mango\vo\dataSource\http\HttpRetrieverDataSourceVO.java
C:\Users\meet\Desktop\semProject\mangoSource\src\com\serotonin\mango\vo\dataSource\http\HttpRetrieverPointLocatorVO.java
C:\Users\meet\Desktop\semProject\mangoSource\src\com\serotonin\mango\vo\dataSource\internal\InternalDataSourceVO.java
C:\Users\meet\Desktop\semProject\mangoSource\src\com\serotonin\mango\vo\dataSource\internal\InternalPointLocatorVO.java
C:\Users\meet\Desktop\semProject\mangoSource\src\com\serotonin\mango\vo\dataSource\jmx\JmxDataSourceVO.java
C:\Users\meet\Desktop\semProject\mangoSource\src\com\serotonin\mango\vo\dataSource\jmx\JmxPointLocatorVO.java
C:\Users\meet\Desktop\semProject\mangoSource\src\com\serotonin\mango\vo\dataSource\mbus\MBusDataSourceVO.java
C:\Users\meet\Desktop\semProject\mangoSource\src\com\serotonin\mango\vo\dataSource\mbus\MBusPointLocatorVO.java
C:\Users\meet\Desktop\semProject\mangoSource\src\com\serotonin\mango\vo\dataSource\meta\MetaDataSourceVO.java
C:\Users\meet\Desktop\semProject\mangoSource\src\com\serotonin\mango\vo\dataSource\meta\MetaPointLocatorVO.java
C:\Users\meet\Desktop\semProject\mangoSource\src\com\serotonin\mango\vo\dataSource\modbus\ModbusDataSourceVO.java
C:\Users\meet\Desktop\semProject\mangoSource\src\com\serotonin\mango\vo\dataSource\modbus\ModbusIpDataSourceVO.java
C:\Users\meet\Desktop\semProject\mangoSource\src\com\serotonin\mango\vo\dataSource\modbus\ModbusPointLocatorVO.java
C:\Users\meet\Desktop\semProject\mangoSource\src\com\serotonin\mango\vo\dataSource\modbus\ModbusSerialDataSourceVO.java
C:\Users\meet\Desktop\semProject\mangoSource\src\com\serotonin\mango\vo\dataSource\nmea\NmeaDataSourceVO.java
C:\Users\meet\Desktop\semProject\mangoSource\src\com\serotonin\mango\vo\dataSource\nmea\NmeaPointLocatorVO.java
C:\Users\meet\Desktop\semProject\mangoSource\src\com\serotonin\mango\vo\dataSource\onewire\OneWireDataSourceVO.java
C:\Users\meet\Desktop\semProject\mangoSource\src\com\serotonin\mango\vo\dataSource\onewire\OneWirePointLocatorVO.java
C:\Users\meet\Desktop\semProject\mangoSource\src\com\serotonin\mango\vo\dataSource\openv4j\OpenV4JDataSourceVO.java
C:\Users\meet\Desktop\semProject\mangoSource\src\com\serotonin\mango\vo\dataSource\openv4j\OpenV4JPointLocatorVO.java
C:\Users\meet\Desktop\semProject\mangoSource\src\com\serotonin\mango\vo\dataSource\pachube\PachubeDataSourceVO.java
C:\Users\meet\Desktop\semProject\mangoSource\src\com\serotonin\mango\vo\dataSource\pachube\PachubePointLocatorVO.java
C:\Users\meet\Desktop\semProject\mangoSource\src\com\serotonin\mango\vo\dataSource\persistent\PersistentDataSourceVO.java
C:\Users\meet\Desktop\semProject\mangoSource\src\com\serotonin\mango\vo\dataSource\persistent\PersistentPointLocatorVO.java
C:\Users\meet\Desktop\semProject\mangoSource\src\com\serotonin\mango\vo\dataSource\PointLocatorVO.java
C:\Users\meet\Desktop\semProject\mangoSource\src\com\serotonin\mango\vo\dataSource\pop3\Pop3DataSourceVO.java
C:\Users\meet\Desktop\semProject\mangoSource\src\com\serotonin\mango\vo\dataSource\pop3\Pop3PointLocatorVO.java
C:\Users\meet\Desktop\semProject\mangoSource\src\com\serotonin\mango\vo\dataSource\snmp\SnmpDataSourceVO.java
C:\Users\meet\Desktop\semProject\mangoSource\src\com\serotonin\mango\vo\dataSource\snmp\SnmpPointLocatorVO.java
C:\Users\meet\Desktop\semProject\mangoSource\src\com\serotonin\mango\vo\dataSource\spinwave\BaseSpinwavePointLocatorVO.java
C:\Users\meet\Desktop\semProject\mangoSource\src\com\serotonin\mango\vo\dataSource\spinwave\SpinwaveDataSourceVO.java
C:\Users\meet\Desktop\semProject\mangoSource\src\com\serotonin\mango\vo\dataSource\spinwave\SpinwaveV1PointLocatorVO.java
C:\Users\meet\Desktop\semProject\mangoSource\src\com\serotonin\mango\vo\dataSource\spinwave\SpinwaveV2PointLocatorVO.java
C:\Users\meet\Desktop\semProject\mangoSource\src\com\serotonin\mango\vo\dataSource\sql\SqlDataSourceVO.java
C:\Users\meet\Desktop\semProject\mangoSource\src\com\serotonin\mango\vo\dataSource\sql\SqlPointLocatorVO.java
C:\Users\meet\Desktop\semProject\mangoSource\src\com\serotonin\mango\vo\dataSource\viconics\ViconicsDataSourceVO.java
C:\Users\meet\Desktop\semProject\mangoSource\src\com\serotonin\mango\vo\dataSource\viconics\ViconicsPointLocatorVO.java
C:\Users\meet\Desktop\semProject\mangoSource\src\com\serotonin\mango\vo\dataSource\virtual\AlternateBooleanChangeVO.java
C:\Users\meet\Desktop\semProject\mangoSource\src\com\serotonin\mango\vo\dataSource\virtual\AnalogAttractorChangeVO.java
C:\Users\meet\Desktop\semProject\mangoSource\src\com\serotonin\mango\vo\dataSource\virtual\BrownianChangeVO.java
C:\Users\meet\Desktop\semProject\mangoSource\src\com\serotonin\mango\vo\dataSource\virtual\ChangeTypeVO.java
C:\Users\meet\Desktop\semProject\mangoSource\src\com\serotonin\mango\vo\dataSource\virtual\IncrementAnalogChangeVO.java
C:\Users\meet\Desktop\semProject\mangoSource\src\com\serotonin\mango\vo\dataSource\virtual\IncrementMultistateChangeVO.java
C:\Users\meet\Desktop\semProject\mangoSource\src\com\serotonin\mango\vo\dataSource\virtual\NoChangeVO.java
C:\Users\meet\Desktop\semProject\mangoSource\src\com\serotonin\mango\vo\dataSource\virtual\RandomAnalogChangeVO.java
C:\Users\meet\Desktop\semProject\mangoSource\src\com\serotonin\mango\vo\dataSource\virtual\RandomBooleanChangeVO.java
C:\Users\meet\Desktop\semProject\mangoSource\src\com\serotonin\mango\vo\dataSource\virtual\RandomMultistateChangeVO.java
C:\Users\meet\Desktop\semProject\mangoSource\src\com\serotonin\mango\vo\dataSource\virtual\VirtualDataSourceVO.java
C:\Users\meet\Desktop\semProject\mangoSource\src\com\serotonin\mango\vo\dataSource\virtual\VirtualPointLocatorVO.java
C:\Users\meet\Desktop\semProject\mangoSource\src\com\serotonin\mango\vo\dataSource\vmstat\VMStatDataSourceVO.java
C:\Users\meet\Desktop\semProject\mangoSource\src\com\serotonin\mango\vo\dataSource\vmstat\VMStatPointLocatorVO.java
C:\Users\meet\Desktop\semProject\mangoSource\src\com\serotonin\mango\vo\event\CompoundEventDetectorVO.java
C:\Users\meet\Desktop\semProject\mangoSource\src\com\serotonin\mango\vo\event\EventHandlerVO.java
C:\Users\meet\Desktop\semProject\mangoSource\src\com\serotonin\mango\vo\event\EventTypeVO.java
C:\Users\meet\Desktop\semProject\mangoSource\src\com\serotonin\mango\vo\event\MaintenanceEventVO.java
C:\Users\meet\Desktop\semProject\mangoSource\src\com\serotonin\mango\vo\event\PointEventDetectorVO.java
C:\Users\meet\Desktop\semProject\mangoSource\src\com\serotonin\mango\vo\event\ScheduledEventVO.java
C:\Users\meet\Desktop\semProject\mangoSource\src\com\serotonin\mango\vo\event\SimpleEventDetectorVO.java
C:\Users\meet\Desktop\semProject\mangoSource\src\com\serotonin\mango\vo\hierarchy\PointFolder.java
C:\Users\meet\Desktop\semProject\mangoSource\src\com\serotonin\mango\vo\hierarchy\PointHierarchy.java
C:\Users\meet\Desktop\semProject\mangoSource\src\com\serotonin\mango\vo\hierarchy\PointHierarchyEventDispatcher.java
C:\Users\meet\Desktop\semProject\mangoSource\src\com\serotonin\mango\vo\hierarchy\PointHierarchyListener.java
C:\Users\meet\Desktop\semProject\mangoSource\src\com\serotonin\mango\vo\link\PointLinkVO.java
C:\Users\meet\Desktop\semProject\mangoSource\src\com\serotonin\mango\vo\ListParent.java
C:\Users\meet\Desktop\semProject\mangoSource\src\com\serotonin\mango\vo\mailingList\AddressEntry.java
C:\Users\meet\Desktop\semProject\mangoSource\src\com\serotonin\mango\vo\mailingList\EmailRecipient.java
C:\Users\meet\Desktop\semProject\mangoSource\src\com\serotonin\mango\vo\mailingList\EmailRecipientFactory.java
C:\Users\meet\Desktop\semProject\mangoSource\src\com\serotonin\mango\vo\mailingList\MailingList.java
C:\Users\meet\Desktop\semProject\mangoSource\src\com\serotonin\mango\vo\mailingList\UserEntry.java
C:\Users\meet\Desktop\semProject\mangoSource\src\com\serotonin\mango\vo\permission\DataPointAccess.java
C:\Users\meet\Desktop\semProject\mangoSource\src\com\serotonin\mango\vo\permission\PermissionException.java
C:\Users\meet\Desktop\semProject\mangoSource\src\com\serotonin\mango\vo\permission\Permissions.java
C:\Users\meet\Desktop\semProject\mangoSource\src\com\serotonin\mango\vo\publish\httpSender\HttpPointVO.java
C:\Users\meet\Desktop\semProject\mangoSource\src\com\serotonin\mango\vo\publish\httpSender\HttpSenderVO.java
C:\Users\meet\Desktop\semProject\mangoSource\src\com\serotonin\mango\vo\publish\pachube\PachubePointVO.java
C:\Users\meet\Desktop\semProject\mangoSource\src\com\serotonin\mango\vo\publish\pachube\PachubeSenderVO.java
C:\Users\meet\Desktop\semProject\mangoSource\src\com\serotonin\mango\vo\publish\persistent\PersistentPointVO.java
C:\Users\meet\Desktop\semProject\mangoSource\src\com\serotonin\mango\vo\publish\persistent\PersistentSenderVO.java
C:\Users\meet\Desktop\semProject\mangoSource\src\com\serotonin\mango\vo\publish\PublishedPointVO.java
C:\Users\meet\Desktop\semProject\mangoSource\src\com\serotonin\mango\vo\publish\PublisherVO.java
C:\Users\meet\Desktop\semProject\mangoSource\src\com\serotonin\mango\vo\report\DiscreteTimeSeries.java
C:\Users\meet\Desktop\semProject\mangoSource\src\com\serotonin\mango\vo\report\EventCsvStreamer.java
C:\Users\meet\Desktop\semProject\mangoSource\src\com\serotonin\mango\vo\report\ImageChartUtils.java
C:\Users\meet\Desktop\semProject\mangoSource\src\com\serotonin\mango\vo\report\PointTimeSeriesCollection.java
C:\Users\meet\Desktop\semProject\mangoSource\src\com\serotonin\mango\vo\report\ReportChartCreator.java
C:\Users\meet\Desktop\semProject\mangoSource\src\com\serotonin\mango\vo\report\ReportCsvStreamer.java
C:\Users\meet\Desktop\semProject\mangoSource\src\com\serotonin\mango\vo\report\ReportDataStreamHandler.java
C:\Users\meet\Desktop\semProject\mangoSource\src\com\serotonin\mango\vo\report\ReportDataValue.java
C:\Users\meet\Desktop\semProject\mangoSource\src\com\serotonin\mango\vo\report\ReportInstance.java
C:\Users\meet\Desktop\semProject\mangoSource\src\com\serotonin\mango\vo\report\ReportJob.java
C:\Users\meet\Desktop\semProject\mangoSource\src\com\serotonin\mango\vo\report\ReportPointInfo.java
C:\Users\meet\Desktop\semProject\mangoSource\src\com\serotonin\mango\vo\report\ReportPointVO.java
C:\Users\meet\Desktop\semProject\mangoSource\src\com\serotonin\mango\vo\report\ReportUserComment.java
C:\Users\meet\Desktop\semProject\mangoSource\src\com\serotonin\mango\vo\report\ReportVO.java
C:\Users\meet\Desktop\semProject\mangoSource\src\com\serotonin\mango\vo\report\UserCommentCsvStreamer.java
C:\Users\meet\Desktop\semProject\mangoSource\src\com\serotonin\mango\vo\User.java
C:\Users\meet\Desktop\semProject\mangoSource\src\com\serotonin\mango\vo\UserComment.java
C:\Users\meet\Desktop\semProject\mangoSource\src\com\serotonin\mango\vo\WatchList.java
C:\Users\meet\Desktop\semProject\mangoSource\src\com\serotonin\mango\web\comparators\BaseComparator.java
C:\Users\meet\Desktop\semProject\mangoSource\src\com\serotonin\mango\web\comparators\DataPointComparator.java
C:\Users\meet\Desktop\semProject\mangoSource\src\com\serotonin\mango\web\comparators\EventInstanceComparator.java
C:\Users\meet\Desktop\semProject\mangoSource\src\com\serotonin\mango\web\ContextWrapper.java
C:\Users\meet\Desktop\semProject\mangoSource\src\com\serotonin\mango\web\dwr\BaseDwr.java
C:\Users\meet\Desktop\semProject\mangoSource\src\com\serotonin\mango\web\dwr\beans\AutoShutOff.java
C:\Users\meet\Desktop\semProject\mangoSource\src\com\serotonin\mango\web\dwr\beans\BACnetDiscovery.java
C:\Users\meet\Desktop\semProject\mangoSource\src\com\serotonin\mango\web\dwr\beans\BACnetObjectBean.java
C:\Users\meet\Desktop\semProject\mangoSource\src\com\serotonin\mango\web\dwr\beans\BasePointState.java
C:\Users\meet\Desktop\semProject\mangoSource\src\com\serotonin\mango\web\dwr\beans\CustomComponentState.java
C:\Users\meet\Desktop\semProject\mangoSource\src\com\serotonin\mango\web\dwr\beans\DataExportDefinition.java
C:\Users\meet\Desktop\semProject\mangoSource\src\com\serotonin\mango\web\dwr\beans\DataPointBean.java
C:\Users\meet\Desktop\semProject\mangoSource\src\com\serotonin\mango\web\dwr\beans\DataPointDefaulter.java
C:\Users\meet\Desktop\semProject\mangoSource\src\com\serotonin\mango\web\dwr\beans\EBI25InterfaceReader.java
C:\Users\meet\Desktop\semProject\mangoSource\src\com\serotonin\mango\web\dwr\beans\EBI25InterfaceUpdater.java
C:\Users\meet\Desktop\semProject\mangoSource\src\com\serotonin\mango\web\dwr\beans\EBI25LoggerInfo.java
C:\Users\meet\Desktop\semProject\mangoSource\src\com\serotonin\mango\web\dwr\beans\EventInstanceBean.java
C:\Users\meet\Desktop\semProject\mangoSource\src\com\serotonin\mango\web\dwr\beans\EventSourceBean.java
C:\Users\meet\Desktop\semProject\mangoSource\src\com\serotonin\mango\web\dwr\beans\GalilCommandTester.java
C:\Users\meet\Desktop\semProject\mangoSource\src\com\serotonin\mango\web\dwr\beans\HttpReceiverDataListener.java
C:\Users\meet\Desktop\semProject\mangoSource\src\com\serotonin\mango\web\dwr\beans\HttpSenderTester.java
C:\Users\meet\Desktop\semProject\mangoSource\src\com\serotonin\mango\web\dwr\beans\ImportTask.java
C:\Users\meet\Desktop\semProject\mangoSource\src\com\serotonin\mango\web\dwr\beans\IntegerPair.java
C:\Users\meet\Desktop\semProject\mangoSource\src\com\serotonin\mango\web\dwr\beans\MBusDataBlockBean.java
C:\Users\meet\Desktop\semProject\mangoSource\src\com\serotonin\mango\web\dwr\beans\MBusDeviceBean.java
C:\Users\meet\Desktop\semProject\mangoSource\src\com\serotonin\mango\web\dwr\beans\MBusDiscovery.java
C:\Users\meet\Desktop\semProject\mangoSource\src\com\serotonin\mango\web\dwr\beans\MBusResponseFrameBean.java
C:\Users\meet\Desktop\semProject\mangoSource\src\com\serotonin\mango\web\dwr\beans\ModbusNodeScanListener.java
C:\Users\meet\Desktop\semProject\mangoSource\src\com\serotonin\mango\web\dwr\beans\NmeaUtilListener.java
C:\Users\meet\Desktop\semProject\mangoSource\src\com\serotonin\mango\web\dwr\beans\OpenV4JDataPointBean.java
C:\Users\meet\Desktop\semProject\mangoSource\src\com\serotonin\mango\web\dwr\beans\OpenV4JDiscovery.java
C:\Users\meet\Desktop\semProject\mangoSource\src\com\serotonin\mango\web\dwr\beans\OpenV4JProtocolBean.java
C:\Users\meet\Desktop\semProject\mangoSource\src\com\serotonin\mango\web\dwr\beans\RecipientListEntryBean.java
C:\Users\meet\Desktop\semProject\mangoSource\src\com\serotonin\mango\web\dwr\beans\RenderedPointValueTime.java
C:\Users\meet\Desktop\semProject\mangoSource\src\com\serotonin\mango\web\dwr\beans\SnmpOidGet.java
C:\Users\meet\Desktop\semProject\mangoSource\src\com\serotonin\mango\web\dwr\beans\SpinwaveSensorListener.java
C:\Users\meet\Desktop\semProject\mangoSource\src\com\serotonin\mango\web\dwr\beans\SqlStatementTester.java
C:\Users\meet\Desktop\semProject\mangoSource\src\com\serotonin\mango\web\dwr\beans\TestingUtility.java
C:\Users\meet\Desktop\semProject\mangoSource\src\com\serotonin\mango\web\dwr\beans\ViewComponentState.java
C:\Users\meet\Desktop\semProject\mangoSource\src\com\serotonin\mango\web\dwr\beans\WatchListState.java
C:\Users\meet\Desktop\semProject\mangoSource\src\com\serotonin\mango\web\dwr\CompoundEventsDwr.java
C:\Users\meet\Desktop\semProject\mangoSource\src\com\serotonin\mango\web\dwr\CustomViewDwr.java
C:\Users\meet\Desktop\semProject\mangoSource\src\com\serotonin\mango\web\dwr\DataPointDetailsDwr.java
C:\Users\meet\Desktop\semProject\mangoSource\src\com\serotonin\mango\web\dwr\DataPointEditDwr.java
C:\Users\meet\Desktop\semProject\mangoSource\src\com\serotonin\mango\web\dwr\DataSourceEditDwr.java
C:\Users\meet\Desktop\semProject\mangoSource\src\com\serotonin\mango\web\dwr\DataSourceListDwr.java
C:\Users\meet\Desktop\semProject\mangoSource\src\com\serotonin\mango\web\dwr\EmportDwr.java
C:\Users\meet\Desktop\semProject\mangoSource\src\com\serotonin\mango\web\dwr\EventHandlersDwr.java
C:\Users\meet\Desktop\semProject\mangoSource\src\com\serotonin\mango\web\dwr\EventsDwr.java
C:\Users\meet\Desktop\semProject\mangoSource\src\com\serotonin\mango\web\dwr\longPoll\LongPollData.java
C:\Users\meet\Desktop\semProject\mangoSource\src\com\serotonin\mango\web\dwr\longPoll\LongPollRequest.java
C:\Users\meet\Desktop\semProject\mangoSource\src\com\serotonin\mango\web\dwr\longPoll\LongPollState.java
C:\Users\meet\Desktop\semProject\mangoSource\src\com\serotonin\mango\web\dwr\MailingListsDwr.java
C:\Users\meet\Desktop\semProject\mangoSource\src\com\serotonin\mango\web\dwr\MaintenanceEventsDwr.java
C:\Users\meet\Desktop\semProject\mangoSource\src\com\serotonin\mango\web\dwr\MiscDwr.java
C:\Users\meet\Desktop\semProject\mangoSource\src\com\serotonin\mango\web\dwr\PointHierarchyDwr.java
C:\Users\meet\Desktop\semProject\mangoSource\src\com\serotonin\mango\web\dwr\PointLinksDwr.java
C:\Users\meet\Desktop\semProject\mangoSource\src\com\serotonin\mango\web\dwr\PublisherEditDwr.java
C:\Users\meet\Desktop\semProject\mangoSource\src\com\serotonin\mango\web\dwr\PublisherListDwr.java
C:\Users\meet\Desktop\semProject\mangoSource\src\com\serotonin\mango\web\dwr\ReportsDwr.java
C:\Users\meet\Desktop\semProject\mangoSource\src\com\serotonin\mango\web\dwr\ScheduledEventsDwr.java
C:\Users\meet\Desktop\semProject\mangoSource\src\com\serotonin\mango\web\dwr\SystemSettingsDwr.java
C:\Users\meet\Desktop\semProject\mangoSource\src\com\serotonin\mango\web\dwr\UsersDwr.java
C:\Users\meet\Desktop\semProject\mangoSource\src\com\serotonin\mango\web\dwr\util\AdminAjaxFilter.java
C:\Users\meet\Desktop\semProject\mangoSource\src\com\serotonin\mango\web\dwr\util\LoggedInAjaxFilter.java
C:\Users\meet\Desktop\semProject\mangoSource\src\com\serotonin\mango\web\dwr\util\LoggedInAjaxMethodFilter.java
C:\Users\meet\Desktop\semProject\mangoSource\src\com\serotonin\mango\web\dwr\ViewDwr.java
C:\Users\meet\Desktop\semProject\mangoSource\src\com\serotonin\mango\web\dwr\WatchListDwr.java
C:\Users\meet\Desktop\semProject\mangoSource\src\com\serotonin\mango\web\email\MangoEmailContent.java
C:\Users\meet\Desktop\semProject\mangoSource\src\com\serotonin\mango\web\email\MessageFormatDirective.java
C:\Users\meet\Desktop\semProject\mangoSource\src\com\serotonin\mango\web\email\SubjectDirective.java
C:\Users\meet\Desktop\semProject\mangoSource\src\com\serotonin\mango\web\email\UsedImagesDirective.java
C:\Users\meet\Desktop\semProject\mangoSource\src\com\serotonin\mango\web\filter\ExceptionDetectionFilter.java
C:\Users\meet\Desktop\semProject\mangoSource\src\com\serotonin\mango\web\filter\HttpResponseHeaderFilter.java
C:\Users\meet\Desktop\semProject\mangoSource\src\com\serotonin\mango\web\filter\LoggedInFilter.java
C:\Users\meet\Desktop\semProject\mangoSource\src\com\serotonin\mango\web\filter\NormalLoggedInFilter.java
C:\Users\meet\Desktop\semProject\mangoSource\src\com\serotonin\mango\web\filter\WebContextFilter.java
C:\Users\meet\Desktop\semProject\mangoSource\src\com\serotonin\mango\web\integration\CrowdUtils.java
C:\Users\meet\Desktop\semProject\mangoSource\src\com\serotonin\mango\web\mvc\controller\ControllerUtils.java
C:\Users\meet\Desktop\semProject\mangoSource\src\com\serotonin\mango\web\mvc\controller\DataPointDetailsController.java
C:\Users\meet\Desktop\semProject\mangoSource\src\com\serotonin\mango\web\mvc\controller\DataPointEditController.java
C:\Users\meet\Desktop\semProject\mangoSource\src\com\serotonin\mango\web\mvc\controller\DataSourceEditController.java
C:\Users\meet\Desktop\semProject\mangoSource\src\com\serotonin\mango\web\mvc\controller\DataSourceListController.java
C:\Users\meet\Desktop\semProject\mangoSource\src\com\serotonin\mango\web\mvc\controller\LoginController.java
C:\Users\meet\Desktop\semProject\mangoSource\src\com\serotonin\mango\web\mvc\controller\LogoutController.java
C:\Users\meet\Desktop\semProject\mangoSource\src\com\serotonin\mango\web\mvc\controller\MobileWatchListController.java
C:\Users\meet\Desktop\semProject\mangoSource\src\com\serotonin\mango\web\mvc\controller\MobileWatchListState.java
C:\Users\meet\Desktop\semProject\mangoSource\src\com\serotonin\mango\web\mvc\controller\PublicViewController.java
C:\Users\meet\Desktop\semProject\mangoSource\src\com\serotonin\mango\web\mvc\controller\PublisherEditController.java
C:\Users\meet\Desktop\semProject\mangoSource\src\com\serotonin\mango\web\mvc\controller\ReportChartController.java
C:\Users\meet\Desktop\semProject\mangoSource\src\com\serotonin\mango\web\mvc\controller\SqlController.java
C:\Users\meet\Desktop\semProject\mangoSource\src\com\serotonin\mango\web\mvc\controller\ViewEditController.java
C:\Users\meet\Desktop\semProject\mangoSource\src\com\serotonin\mango\web\mvc\controller\ViewsController.java
C:\Users\meet\Desktop\semProject\mangoSource\src\com\serotonin\mango\web\mvc\controller\WatchListController.java
C:\Users\meet\Desktop\semProject\mangoSource\src\com\serotonin\mango\web\mvc\controller\WebcamLiveFeedController.java
C:\Users\meet\Desktop\semProject\mangoSource\src\com\serotonin\mango\web\mvc\form\LoginForm.java
C:\Users\meet\Desktop\semProject\mangoSource\src\com\serotonin\mango\web\mvc\form\SqlForm.java
C:\Users\meet\Desktop\semProject\mangoSource\src\com\serotonin\mango\web\mvc\form\ViewEditForm.java
C:\Users\meet\Desktop\semProject\mangoSource\src\com\serotonin\mango\web\mvc\interceptor\CommonDataInterceptor.java
C:\Users\meet\Desktop\semProject\mangoSource\src\com\serotonin\mango\web\mvc\SimpleFormRedirectController.java
C:\Users\meet\Desktop\semProject\mangoSource\src\com\serotonin\mango\web\servlet\AsyncImageChartServlet.java
C:\Users\meet\Desktop\semProject\mangoSource\src\com\serotonin\mango\web\servlet\BaseInfoServlet.java
C:\Users\meet\Desktop\semProject\mangoSource\src\com\serotonin\mango\web\servlet\ChartExportServlet.java
C:\Users\meet\Desktop\semProject\mangoSource\src\com\serotonin\mango\web\servlet\HttpDataSourceServlet.java
C:\Users\meet\Desktop\semProject\mangoSource\src\com\serotonin\mango\web\servlet\ImageChartServlet.java
C:\Users\meet\Desktop\semProject\mangoSource\src\com\serotonin\mango\web\servlet\ImageValueServlet.java
C:\Users\meet\Desktop\semProject\mangoSource\src\com\serotonin\mango\web\servlet\ReportChartServlet.java
C:\Users\meet\Desktop\semProject\mangoSource\src\com\serotonin\mango\web\servlet\ReportEventExportServlet.java
C:\Users\meet\Desktop\semProject\mangoSource\src\com\serotonin\mango\web\servlet\ReportExportBase.java
C:\Users\meet\Desktop\semProject\mangoSource\src\com\serotonin\mango\web\servlet\ReportExportServlet.java
C:\Users\meet\Desktop\semProject\mangoSource\src\com\serotonin\mango\web\servlet\ReportUserCommentExportServlet.java
C:\Users\meet\Desktop\semProject\mangoSource\src\com\serotonin\mango\web\taglib\ChartPointTag.java
C:\Users\meet\Desktop\semProject\mangoSource\src\com\serotonin\mango\web\taglib\ChartTag.java
C:\Users\meet\Desktop\semProject\mangoSource\src\com\serotonin\mango\web\taglib\CustomViewInitTag.java
C:\Users\meet\Desktop\semProject\mangoSource\src\com\serotonin\mango\web\taglib\Functions.java
C:\Users\meet\Desktop\semProject\mangoSource\src\com\serotonin\mango\web\taglib\SimplePointTag.java
C:\Users\meet\Desktop\semProject\mangoSource\src\com\serotonin\mango\web\taglib\StaticPointTag.java
C:\Users\meet\Desktop\semProject\mangoSource\src\com\serotonin\mango\web\taglib\ViewTagSupport.java
C:\Users\meet\Desktop\semProject\mangoSource\src\test\unit\acceptance\ExampleSeleniumTests.java
C:\Users\meet\Desktop\semProject\mangoSource\src\test\unit\DateUtilsTests.java
